<?xml version="1.0" encoding="UTF-8"?>
<!-- Generated by org.testng.reporters.JUnitReportReporter -->
<testsuite hostname="Home-PC" name="com.automation.scripts.SearchFlight" tests="1" failures="0" timestamp="29 Jan 2021 03:43:50 GMT" time="65.682" errors="0">
  <testcase name="searchFlight" time="65.682" classname="com.automation.scripts.SearchFlight"/>
</testsuite> <!-- com.automation.scripts.SearchFlight -->
